<?xml version="1.0" encoding="UTF-8" ?>
<testsuite tests="8" failures="0" name="com.example.pawo.calculator.AppTest" time="0.272" errors="0" skipped="0">
  <properties>
[...]
</properties>
  <testcase classname="com.example.pawo.calculator.AppTest" name="testOperationSubstraction" time="0.203"/>
  <testcase classname="com.example.pawo.calculator.AppTest" name="testOperationInvalid" time="0"/>
  <testcase classname="com.example.pawo.calculator.AppTest" name="testOperationMultiplication" time="0.001"/>
  <testcase classname="com.example.pawo.calculator.AppTest" name="testRun" time="0.059"/>
  <testcase classname="com.example.pawo.calculator.AppTest" name="testRoot" time="0.001"/>
  <testcase classname="com.example.pawo.calculator.AppTest" name="testOperationDivision" time="0.002"/>
  <testcase classname="com.example.pawo.calculator.AppTest" name="testMainMethod" time="0.006"/>
  <testcase classname="com.example.pawo.calculator.AppTest" name="testOperationAddition" time="0"/>
</testsuite>